{"/Users/dhruv/Desktop/shopify-2021-challenge/models/User.js": {"path":"/Users/dhruv/Desktop/shopify-2021-challenge/models/User.js","statementMap":{"0":{"start":{"line":1,"column":17},"end":{"line":1,"column":36}},"1":{"start":{"line":2,"column":15},"end":{"line":2,"column":34}},"2":{"start":{"line":3,"column":12},"end":{"line":3,"column":35}},"3":{"start":{"line":6,"column":19},"end":{"line":23,"column":2}},"4":{"start":{"line":27,"column":0},"end":{"line":34,"column":2}},"5":{"start":{"line":29,"column":17},"end":{"line":29,"column":21}},"6":{"start":{"line":30,"column":4},"end":{"line":32,"column":5}},"7":{"start":{"line":31,"column":8},"end":{"line":31,"column":59}},"8":{"start":{"line":33,"column":4},"end":{"line":33,"column":10}},"9":{"start":{"line":37,"column":0},"end":{"line":42,"column":1}},"10":{"start":{"line":39,"column":17},"end":{"line":39,"column":21}},"11":{"start":{"line":40,"column":18},"end":{"line":40,"column":85}},"12":{"start":{"line":41,"column":4},"end":{"line":41,"column":16}},"13":{"start":{"line":44,"column":13},"end":{"line":44,"column":47}},"14":{"start":{"line":46,"column":0},"end":{"line":46,"column":22}}},"fnMap":{"0":{"name":"(anonymous_0)","decl":{"start":{"line":27,"column":23},"end":{"line":27,"column":24}},"loc":{"start":{"line":27,"column":45},"end":{"line":34,"column":1}},"line":27},"1":{"name":"(anonymous_1)","decl":{"start":{"line":37,"column":39},"end":{"line":37,"column":40}},"loc":{"start":{"line":37,"column":56},"end":{"line":42,"column":1}},"line":37}},"branchMap":{"0":{"loc":{"start":{"line":30,"column":4},"end":{"line":32,"column":5}},"type":"if","locations":[{"start":{"line":30,"column":4},"end":{"line":32,"column":5}},{"start":{"line":30,"column":4},"end":{"line":32,"column":5}}],"line":30}},"s":{"0":1,"1":1,"2":1,"3":1,"4":1,"5":0,"6":0,"7":0,"8":0,"9":1,"10":0,"11":0,"12":0,"13":1,"14":1},"f":{"0":0,"1":0},"b":{"0":[0,0]},"_coverageSchema":"1a1c01bbd47fc00a2c39e90264f33305004495a9","hash":"8abb048f2636cdfa338f4236ff5d69798c999b76"}
,"/Users/dhruv/Desktop/shopify-2021-challenge/routes/user_route.js": {"path":"/Users/dhruv/Desktop/shopify-2021-challenge/routes/user_route.js","statementMap":{"0":{"start":{"line":1,"column":16},"end":{"line":1,"column":34}},"1":{"start":{"line":2,"column":15},"end":{"line":2,"column":31}},"2":{"start":{"line":4,"column":13},"end":{"line":4,"column":38}},"3":{"start":{"line":5,"column":20},"end":{"line":5,"column":55}},"4":{"start":{"line":9,"column":0},"end":{"line":16,"column":3}},"5":{"start":{"line":10,"column":2},"end":{"line":15,"column":3}},"6":{"start":{"line":11,"column":17},"end":{"line":11,"column":57}},"7":{"start":{"line":12,"column":4},"end":{"line":12,"column":31}},"8":{"start":{"line":14,"column":4},"end":{"line":14,"column":38}},"9":{"start":{"line":21,"column":0},"end":{"line":29,"column":3}},"10":{"start":{"line":23,"column":2},"end":{"line":28,"column":3}},"11":{"start":{"line":24,"column":18},"end":{"line":24,"column":55}},"12":{"start":{"line":25,"column":4},"end":{"line":25,"column":31}},"13":{"start":{"line":27,"column":4},"end":{"line":27,"column":38}},"14":{"start":{"line":31,"column":0},"end":{"line":31,"column":24}}},"fnMap":{"0":{"name":"(anonymous_0)","decl":{"start":{"line":9,"column":25},"end":{"line":9,"column":26}},"loc":{"start":{"line":9,"column":45},"end":{"line":16,"column":1}},"line":9},"1":{"name":"(anonymous_1)","decl":{"start":{"line":21,"column":22},"end":{"line":21,"column":23}},"loc":{"start":{"line":21,"column":42},"end":{"line":29,"column":1}},"line":21}},"branchMap":{},"s":{"0":1,"1":1,"2":1,"3":1,"4":1,"5":0,"6":0,"7":0,"8":0,"9":1,"10":0,"11":0,"12":0,"13":0,"14":1},"f":{"0":0,"1":0},"b":{},"_coverageSchema":"1a1c01bbd47fc00a2c39e90264f33305004495a9","hash":"65ba4b4efc94f79df0af889ff3981b4ad51d821e"}
,"/Users/dhruv/Desktop/shopify-2021-challenge/services/user_service.js": {"path":"/Users/dhruv/Desktop/shopify-2021-challenge/services/user_service.js","statementMap":{"0":{"start":{"line":1,"column":18},"end":{"line":1,"column":38}},"1":{"start":{"line":2,"column":15},"end":{"line":2,"column":34}},"2":{"start":{"line":4,"column":13},"end":{"line":4,"column":38}},"3":{"start":{"line":7,"column":17},"end":{"line":7,"column":43}},"4":{"start":{"line":9,"column":2},"end":{"line":11,"column":3}},"5":{"start":{"line":10,"column":4},"end":{"line":10,"column":44}},"6":{"start":{"line":13,"column":36},"end":{"line":13,"column":40}},"7":{"start":{"line":14,"column":18},"end":{"line":14,"column":47}},"8":{"start":{"line":16,"column":2},"end":{"line":18,"column":3}},"9":{"start":{"line":17,"column":4},"end":{"line":17,"column":44}},"10":{"start":{"line":21,"column":2},"end":{"line":21,"column":50}},"11":{"start":{"line":26,"column":15},"end":{"line":26,"column":50}},"12":{"start":{"line":27,"column":2},"end":{"line":27,"column":20}},"13":{"start":{"line":28,"column":2},"end":{"line":28,"column":31}},"14":{"start":{"line":32,"column":32},"end":{"line":32,"column":64}},"15":{"start":{"line":33,"column":2},"end":{"line":33,"column":14}},"16":{"start":{"line":37,"column":30},"end":{"line":37,"column":46}},"17":{"start":{"line":38,"column":15},"end":{"line":38,"column":44}},"18":{"start":{"line":39,"column":2},"end":{"line":41,"column":3}},"19":{"start":{"line":40,"column":4},"end":{"line":40,"column":44}},"20":{"start":{"line":43,"column":25},"end":{"line":43,"column":70}},"21":{"start":{"line":45,"column":2},"end":{"line":47,"column":3}},"22":{"start":{"line":46,"column":4},"end":{"line":46,"column":40}},"23":{"start":{"line":48,"column":16},"end":{"line":48,"column":46}},"24":{"start":{"line":49,"column":2},"end":{"line":49,"column":19}},"25":{"start":{"line":54,"column":15},"end":{"line":54,"column":17}},"26":{"start":{"line":55,"column":53},"end":{"line":55,"column":58}},"27":{"start":{"line":57,"column":2},"end":{"line":59,"column":3}},"28":{"start":{"line":58,"column":4},"end":{"line":58,"column":78}},"29":{"start":{"line":61,"column":2},"end":{"line":63,"column":3}},"30":{"start":{"line":62,"column":4},"end":{"line":62,"column":48}},"31":{"start":{"line":65,"column":2},"end":{"line":67,"column":3}},"32":{"start":{"line":66,"column":4},"end":{"line":66,"column":77}},"33":{"start":{"line":69,"column":2},"end":{"line":71,"column":3}},"34":{"start":{"line":70,"column":4},"end":{"line":70,"column":47}},"35":{"start":{"line":73,"column":2},"end":{"line":73,"column":16}},"36":{"start":{"line":76,"column":0},"end":{"line":76,"column":45}}},"fnMap":{"0":{"name":"registerUser","decl":{"start":{"line":6,"column":15},"end":{"line":6,"column":27}},"loc":{"start":{"line":6,"column":34},"end":{"line":22,"column":1}},"line":6},"1":{"name":"persistUser","decl":{"start":{"line":25,"column":15},"end":{"line":25,"column":26}},"loc":{"start":{"line":25,"column":50},"end":{"line":29,"column":1}},"line":25},"2":{"name":"destructureUser","decl":{"start":{"line":31,"column":9},"end":{"line":31,"column":24}},"loc":{"start":{"line":31,"column":31},"end":{"line":34,"column":1}},"line":31},"3":{"name":"loginUser","decl":{"start":{"line":36,"column":15},"end":{"line":36,"column":24}},"loc":{"start":{"line":36,"column":43},"end":{"line":50,"column":1}},"line":36},"4":{"name":"validateRegistration","decl":{"start":{"line":53,"column":9},"end":{"line":53,"column":29}},"loc":{"start":{"line":53,"column":37},"end":{"line":74,"column":1}},"line":53}},"branchMap":{"0":{"loc":{"start":{"line":9,"column":2},"end":{"line":11,"column":3}},"type":"if","locations":[{"start":{"line":9,"column":2},"end":{"line":11,"column":3}},{"start":{"line":9,"column":2},"end":{"line":11,"column":3}}],"line":9},"1":{"loc":{"start":{"line":16,"column":2},"end":{"line":18,"column":3}},"type":"if","locations":[{"start":{"line":16,"column":2},"end":{"line":18,"column":3}},{"start":{"line":16,"column":2},"end":{"line":18,"column":3}}],"line":16},"2":{"loc":{"start":{"line":39,"column":2},"end":{"line":41,"column":3}},"type":"if","locations":[{"start":{"line":39,"column":2},"end":{"line":41,"column":3}},{"start":{"line":39,"column":2},"end":{"line":41,"column":3}}],"line":39},"3":{"loc":{"start":{"line":45,"column":2},"end":{"line":47,"column":3}},"type":"if","locations":[{"start":{"line":45,"column":2},"end":{"line":47,"column":3}},{"start":{"line":45,"column":2},"end":{"line":47,"column":3}}],"line":45},"4":{"loc":{"start":{"line":57,"column":2},"end":{"line":59,"column":3}},"type":"if","locations":[{"start":{"line":57,"column":2},"end":{"line":59,"column":3}},{"start":{"line":57,"column":2},"end":{"line":59,"column":3}}],"line":57},"5":{"loc":{"start":{"line":57,"column":6},"end":{"line":57,"column":54}},"type":"binary-expr","locations":[{"start":{"line":57,"column":6},"end":{"line":57,"column":11}},{"start":{"line":57,"column":15},"end":{"line":57,"column":21}},{"start":{"line":57,"column":25},"end":{"line":57,"column":34}},{"start":{"line":57,"column":38},"end":{"line":57,"column":54}}],"line":57},"6":{"loc":{"start":{"line":61,"column":2},"end":{"line":63,"column":3}},"type":"if","locations":[{"start":{"line":61,"column":2},"end":{"line":63,"column":3}},{"start":{"line":61,"column":2},"end":{"line":63,"column":3}}],"line":61},"7":{"loc":{"start":{"line":65,"column":2},"end":{"line":67,"column":3}},"type":"if","locations":[{"start":{"line":65,"column":2},"end":{"line":67,"column":3}},{"start":{"line":65,"column":2},"end":{"line":67,"column":3}}],"line":65},"8":{"loc":{"start":{"line":69,"column":2},"end":{"line":71,"column":3}},"type":"if","locations":[{"start":{"line":69,"column":2},"end":{"line":71,"column":3}},{"start":{"line":69,"column":2},"end":{"line":71,"column":3}}],"line":69}},"s":{"0":1,"1":1,"2":1,"3":0,"4":0,"5":0,"6":0,"7":0,"8":0,"9":0,"10":0,"11":0,"12":0,"13":0,"14":0,"15":0,"16":0,"17":0,"18":0,"19":0,"20":0,"21":0,"22":0,"23":0,"24":0,"25":0,"26":0,"27":0,"28":0,"29":0,"30":0,"31":0,"32":0,"33":0,"34":0,"35":0,"36":1},"f":{"0":0,"1":0,"2":0,"3":0,"4":0},"b":{"0":[0,0],"1":[0,0],"2":[0,0],"3":[0,0],"4":[0,0],"5":[0,0,0,0],"6":[0,0],"7":[0,0],"8":[0,0]},"_coverageSchema":"1a1c01bbd47fc00a2c39e90264f33305004495a9","hash":"9f0b6bf5e3a485f6088c44ea39016acef682712b"}
}
