TN:
SF:models/User.js
FN:27,(anonymous_0)
FN:37,(anonymous_1)
FNF:2
FNH:0
FNDA:0,(anonymous_0)
FNDA:0,(anonymous_1)
DA:1,1
DA:2,1
DA:3,1
DA:6,1
DA:27,1
DA:29,0
DA:30,0
DA:31,0
DA:33,0
DA:37,1
DA:39,0
DA:40,0
DA:41,0
DA:44,1
DA:46,1
LF:15
LH:8
BRDA:30,0,0,0
BRDA:30,0,1,0
BRF:2
BRH:0
end_of_record
TN:
SF:routes/user_route.js
FN:9,(anonymous_0)
FN:21,(anonymous_1)
FNF:2
FNH:0
FNDA:0,(anonymous_0)
FNDA:0,(anonymous_1)
DA:1,1
DA:2,1
DA:4,1
DA:5,1
DA:9,1
DA:10,0
DA:11,0
DA:12,0
DA:14,0
DA:21,1
DA:23,0
DA:24,0
DA:25,0
DA:27,0
DA:31,1
LF:15
LH:7
BRF:0
BRH:0
end_of_record
TN:
SF:services/user_service.js
FN:6,registerUser
FN:25,persistUser
FN:31,destructureUser
FN:36,loginUser
FN:53,validateRegistration
FNF:5
FNH:0
FNDA:0,registerUser
FNDA:0,persistUser
FNDA:0,destructureUser
FNDA:0,loginUser
FNDA:0,validateRegistration
DA:1,1
DA:2,1
DA:4,1
DA:7,0
DA:9,0
DA:10,0
DA:13,0
DA:14,0
DA:16,0
DA:17,0
DA:21,0
DA:26,0
DA:27,0
DA:28,0
DA:32,0
DA:33,0
DA:37,0
DA:38,0
DA:39,0
DA:40,0
DA:43,0
DA:45,0
DA:46,0
DA:48,0
DA:49,0
DA:54,0
DA:55,0
DA:57,0
DA:58,0
DA:61,0
DA:62,0
DA:65,0
DA:66,0
DA:69,0
DA:70,0
DA:73,0
DA:76,1
LF:37
LH:4
BRDA:9,0,0,0
BRDA:9,0,1,0
BRDA:16,1,0,0
BRDA:16,1,1,0
BRDA:39,2,0,0
BRDA:39,2,1,0
BRDA:45,3,0,0
BRDA:45,3,1,0
BRDA:57,4,0,0
BRDA:57,4,1,0
BRDA:57,5,0,0
BRDA:57,5,1,0
BRDA:57,5,2,0
BRDA:57,5,3,0
BRDA:61,6,0,0
BRDA:61,6,1,0
BRDA:65,7,0,0
BRDA:65,7,1,0
BRDA:69,8,0,0
BRDA:69,8,1,0
BRF:20
BRH:0
end_of_record
